#
# A fatal error has been detected by the Java Runtime Environment:
#
#  EXCEPTION_ACCESS_VIOLATION (0xc0000005) at pc=0x000001e1386a1066, pid=13796, tid=0x00000000000037b8
#
# JRE version: OpenJDK Runtime Environment (8.0_412-b08) (build 1.8.0_412-b08)
# Java VM: OpenJDK 64-Bit Server VM (25.412-b08 mixed mode windows-amd64 compressed oops)
# Problematic frame:
# C  [OpenAL64.dll+0x11066]
#
# Failed to write core dump. Minidumps are not enabled by default on client versions of Windows
#
# If you would like to submit a bug report, please visit:
#   https://github.com/adoptium/adoptium-support/issues
# The crash happened outside the Java Virtual Machine in native code.
# See problematic frame for where to report the bug.
#

---------------  T H R E A D  ---------------

Current thread (0x000001e11340d800):  JavaThread "main" [_thread_in_native, id=14264, stack(0x000000655f300000,0x000000655f400000)]

siginfo: ExceptionCode=0xc0000005, reading address 0x000001e137b50004

Registers:
RAX=0x0000000000020003, RBX=0x000001e13c630090, RCX=0x000001e137b50008, RDX=0x000001e137b50004
RSP=0x000000655f3fc930, RBP=0x00000000000000ff, RSI=0x000001e137b485cc, RDI=0x0000000000000000
R8 =0x0000000000001e8e, R9 =0x000001e137b485cc, R10=0x000001e114d29c62, R11=0x0000000069c78f10
R12=0x0000000000000001, R13=0x000001e138207ae0, R14=0x000000655f3fcad0, R15=0x000001e11340d800
RIP=0x000001e1386a1066, EFLAGS=0x0000000000010202

Top of Stack: (sp=0x000000655f3fc930)
0x000000655f3fc930:   0000000000000000 000001e11340d800
0x000000655f3fc940:   000000655f3fcad0 000001e138207ae0
0x000000655f3fc950:   000001e138207ae0 0000000000000000
0x000000655f3fc960:   000001e11340d800 0000000000000000
0x000000655f3fc970:   000000655f3fca98 0000000069b0f14b
0x000000655f3fc980:   000000655f3fc9b0 000001e114d6a6d3
0x000000655f3fc990:   000001e11340f860 000001e11340fb60
0x000000655f3fc9a0:   000001e11340d800 000000655f3fcad0
0x000000655f3fc9b0:   000001e138207ae0 0000000000000000
0x000000655f3fc9c0:   000001e137b485cc 0000000000000248
0x000000655f3fc9d0:   000000655f3fca98 000001e1386a248f
0x000000655f3fc9e0:   000001e13c630090 000001e13c630090
0x000000655f3fc9f0:   000001e10000ac44 000001e100020003
0x000000655f3fca00:   000001e114d17bd0 000001e114d29c8e
0x000000655f3fca10:   000001e138207ae0 0000000000000248
0x000000655f3fca20:   000001e114d17bd0 000001e114d2999b 

Instructions: (pc=0x000001e1386a1066)
0x000001e1386a1046:   41 2b ec 81 3a 03 00 02 00 75 09 8b 01 89 84 24
0x000001e1386a1056:   c8 00 00 00 49 83 c0 02 48 83 c1 08 4a 8d 14 86
0x000001e1386a1066:   39 3a 75 af 4c 8d 84 24 c0 00 00 00 48 8d 15 d7
0x000001e1386a1076:   2b 03 00 33 c9 e8 58 5f 00 00 b8 40 1f 00 00 4c 


Register to memory mapping:

RAX=0x0000000000020003 is an unknown value
RBX=0x000001e13c630090 is an unknown value
RCX=0x000001e137b50008 is an unknown value
RDX=0x000001e137b50004 is an unknown value
RSP=0x000000655f3fc930 is pointing into the stack for thread: 0x000001e11340d800
RBP=0x00000000000000ff is an unknown value
RSI=0x000001e137b485cc is an unknown value
RDI=0x0000000000000000 is an unknown value
R8 =0x0000000000001e8e is an unknown value
R9 =0x000001e137b485cc is an unknown value
R10=0x000001e114d29c62 is at code_begin+962 in an Interpreter codelet
method entry point (kind = native)  [0x000001e114d298a0, 0x000001e114d2a340]  2720 bytes
R11=0x0000000069c78f10 is an unknown value
R12=0x0000000000000001 is an unknown value
R13={method} {0x000001e138207ae8} 'nalcCreateContext' '(JJ)J' in 'org/lwjgl/openal/ALC10'
R14=0x000000655f3fcad0 is pointing into the stack for thread: 0x000001e11340d800
R15=0x000001e11340d800 is a thread


Stack: [0x000000655f300000,0x000000655f400000],  sp=0x000000655f3fc930,  free space=1010k
Native frames: (J=compiled Java code, j=interpreted, Vv=VM code, C=native code)
C  [OpenAL64.dll+0x11066]
C  [OpenAL64.dll+0x1248f]
C  0x000001e114d29c8e

Java frames: (J=compiled Java code, j=interpreted, Vv=VM code)
j  org.lwjgl.openal.ALC10.nalcCreateContext(JJ)J+0
j  org.lwjgl.openal.ALC10.alcCreateContext(Lorg/lwjgl/openal/ALCdevice;Ljava/nio/IntBuffer;)Lorg/lwjgl/openal/ALCcontext;+8
j  org.lwjgl.openal.AL.init(Ljava/lang/String;IIZZ)V+69
j  org.lwjgl.openal.AL.create(Ljava/lang/String;IIZZ)V+246
j  org.lwjgl.openal.AL.create(Ljava/lang/String;IIZ)V+5
j  org.lwjgl.openal.AL.create()V+6
j  com.badlogic.gdx.backends.lwjgl.audio.OpenALAudio.<init>(III)V+114
j  com.badlogic.gdx.backends.lwjgl.LwjglApplication.<init>(Lcom/badlogic/gdx/ApplicationListener;Lcom/badlogic/gdx/backends/lwjgl/LwjglApplicationConfiguration;Lcom/badlogic/gdx/backends/lwjgl/LwjglGraphics;)V+120
j  com.badlogic.gdx.backends.lwjgl.LwjglApplication.<init>(Lcom/badlogic/gdx/ApplicationListener;Lcom/badlogic/gdx/backends/lwjgl/LwjglApplicationConfiguration;)V+11
j  org.uqbar.project.wollok.game.gameboard.WollokGDXApplication.<init>(Lorg/uqbar/project/wollok/game/gameboard/Gameboard;Ljava/lang/Boolean;)V+17
j  org.uqbar.project.wollok.game.helpers.Application.start(Lorg/uqbar/project/wollok/game/gameboard/Gameboard;Ljava/lang/Boolean;)V+5
j  org.uqbar.project.wollok.game.gameboard.Gameboard.start(Ljava/lang/Boolean;)V+13
j  wollok.game.GameObject.doStart(Ljava/lang/Boolean;)V+12
v  ~StubRoutines::call_stub
J 3272  sun.reflect.NativeMethodAccessorImpl.invoke0(Ljava/lang/reflect/Method;Ljava/lang/Object;[Ljava/lang/Object;)Ljava/lang/Object; (0 bytes) @ 0x000001e11574ed7f [0x000001e11574ed00+0x7f]
J 3271 C1 sun.reflect.NativeMethodAccessorImpl.invoke(Ljava/lang/Object;[Ljava/lang/Object;)Ljava/lang/Object; (104 bytes) @ 0x000001e11574dffc [0x000001e11574ce00+0x11fc]
J 2746 C1 sun.reflect.DelegatingMethodAccessorImpl.invoke(Ljava/lang/Object;[Ljava/lang/Object;)Ljava/lang/Object; (10 bytes) @ 0x000001e11560790c [0x000001e115607800+0x10c]
J 2745 C1 java.lang.reflect.Method.invoke(Ljava/lang/Object;[Ljava/lang/Object;)Ljava/lang/Object; (62 bytes) @ 0x000001e1156080b4 [0x000001e115607cc0+0x3f4]
j  org.uqbar.project.wollok.ui.utils.XTendUtilExtensions.invokeConvertingArgs(Ljava/lang/reflect/Method;Ljava/lang/Object;[Ljava/lang/Object;)Lorg/uqbar/project/wollok/interpreter/core/WollokObject;+261
j  org.uqbar.project.wollok.interpreter.AbstractWollokCallable._invokeNative(Ljava/lang/Object;Ljava/lang/String;[Lorg/uqbar/project/wollok/interpreter/core/WollokObject;)Lorg/uqbar/project/wollok/interpreter/core/WollokObject;+41
j  org.uqbar.project.wollok.interpreter.AbstractWollokCallable.invokeNative(Ljava/lang/Object;Ljava/lang/String;[Lorg/uqbar/project/wollok/interpreter/core/WollokObject;)Lorg/uqbar/project/wollok/interpreter/core/WollokObject;+26
j  org.uqbar.project.wollok.interpreter.AbstractWollokCallable$1.apply()Lorg/uqbar/project/wollok/interpreter/core/WollokObject;+55
j  org.uqbar.project.wollok.interpreter.AbstractWollokCallable$1.apply()Ljava/lang/Object;+1
j  org.uqbar.project.wollok.interpreter.threads.WThread.performOnStack(Lorg/eclipse/emf/ecore/EObject;Lorg/uqbar/project/wollok/interpreter/context/EvaluationContext;Lorg/eclipse/xtext/xbase/lib/Functions$Function0;)Lorg/uqbar/project/wollok/interpreter/core/WollokObject;+29
j  org.uqbar.project.wollok.interpreter.WollokInterpreter.performOnStack(Lorg/eclipse/emf/ecore/EObject;Lorg/uqbar/project/wollok/interpreter/context/EvaluationContext;Lorg/eclipse/xtext/xbase/lib/Functions$Function0;)Lorg/uqbar/project/wollok/interpreter/core/WollokObject;+7
j  org.uqbar.project.wollok.interpreter.AbstractWollokCallable.call(Lorg/uqbar/project/wollok/wollokDsl/WMethodDeclaration;[Lorg/uqbar/project/wollok/interpreter/core/WollokObject;)Lorg/uqbar/project/wollok/interpreter/core/WollokObject;+38
j  org.uqbar.project.wollok.interpreter.core.WollokObject.call(Ljava/lang/String;[Lorg/uqbar/project/wollok/interpreter/core/WollokObject;)Lorg/uqbar/project/wollok/interpreter/core/WollokObject;+55
j  org.uqbar.project.wollok.interpreter.WollokInterpreterEvaluator._evaluate(Lorg/uqbar/project/wollok/wollokDsl/WFeatureCall;)Lorg/uqbar/project/wollok/interpreter/core/WollokObject;+119
J 3358 C1 org.uqbar.project.wollok.launch.WollokLauncherInterpreterEvaluator.evaluate(Lorg/eclipse/emf/ecore/EObject;)Lorg/uqbar/project/wollok/interpreter/core/WollokObject; (502 bytes) @ 0x000001e1157b71cc [0x000001e1157b2fe0+0x41ec]
J 3357 C1 org.uqbar.project.wollok.interpreter.WollokInterpreterEvaluator.evaluate(Lorg/eclipse/emf/ecore/EObject;)Ljava/lang/Object; (6 bytes) @ 0x000001e11579fe04 [0x000001e11579fd00+0x104]
j  org.uqbar.project.wollok.interpreter.WollokInterpreter.eval(Lorg/eclipse/emf/ecore/EObject;)Lorg/uqbar/project/wollok/interpreter/core/WollokObject;+63
J 3317 C1 org.uqbar.project.wollok.interpreter.WollokInterpreterEvaluator.eval(Lorg/eclipse/emf/ecore/EObject;)Lorg/uqbar/project/wollok/interpreter/core/WollokObject; (9 bytes) @ 0x000001e11577cc14 [0x000001e11577cb80+0x94]
j  org.uqbar.project.wollok.interpreter.WollokInterpreterEvaluator$1.apply(Lorg/uqbar/project/wollok/interpreter/core/WollokObject;Lorg/eclipse/emf/ecore/EObject;)Lorg/uqbar/project/wollok/interpreter/core/WollokObject;+5
j  org.uqbar.project.wollok.interpreter.WollokInterpreterEvaluator$1.apply(Ljava/lang/Object;Ljava/lang/Object;)Ljava/lang/Object;+9
J 3313 C1 org.eclipse.xtext.xbase.lib.IterableExtensions.fold(Ljava/lang/Iterable;Ljava/lang/Object;Lorg/eclipse/xtext/xbase/lib/Functions$Function2;)Ljava/lang/Object; (12 bytes) @ 0x000001e1157727ac [0x000001e115772500+0x2ac]
j  org.uqbar.project.wollok.interpreter.WollokInterpreterEvaluator.evalAll(Ljava/lang/Iterable;)Lorg/uqbar/project/wollok/interpreter/core/WollokObject;+12
j  org.uqbar.project.wollok.interpreter.WollokInterpreterEvaluator._evaluate(Lorg/uqbar/project/wollok/wollokDsl/WBlockExpression;)Lorg/uqbar/project/wollok/interpreter/core/WollokObject;+34
J 3358 C1 org.uqbar.project.wollok.launch.WollokLauncherInterpreterEvaluator.evaluate(Lorg/eclipse/emf/ecore/EObject;)Lorg/uqbar/project/wollok/interpreter/core/WollokObject; (502 bytes) @ 0x000001e1157ba7ec [0x000001e1157b2fe0+0x780c]
J 3357 C1 org.uqbar.project.wollok.interpreter.WollokInterpreterEvaluator.evaluate(Lorg/eclipse/emf/ecore/EObject;)Ljava/lang/Object; (6 bytes) @ 0x000001e11579fe04 [0x000001e11579fd00+0x104]
j  org.uqbar.project.wollok.interpreter.WollokInterpreter.eval(Lorg/eclipse/emf/ecore/EObject;)Lorg/uqbar/project/wollok/interpreter/core/WollokObject;+63
j  org.uqbar.project.wollok.interpreter.AbstractWollokCallable.eval(Lorg/eclipse/emf/ecore/EObject;)Lorg/uqbar/project/wollok/interpreter/core/WollokObject;+5
j  org.uqbar.project.wollok.interpreter.AbstractWollokCallable$1.apply()Lorg/uqbar/project/wollok/interpreter/core/WollokObject;+110
j  org.uqbar.project.wollok.interpreter.AbstractWollokCallable$1.apply()Ljava/lang/Object;+1
j  org.uqbar.project.wollok.interpreter.threads.WThread.performOnStack(Lorg/eclipse/emf/ecore/EObject;Lorg/uqbar/project/wollok/interpreter/context/EvaluationContext;Lorg/eclipse/xtext/xbase/lib/Functions$Function0;)Lorg/uqbar/project/wollok/interpreter/core/WollokObject;+29
j  org.uqbar.project.wollok.interpreter.WollokInterpreter.performOnStack(Lorg/eclipse/emf/ecore/EObject;Lorg/uqbar/project/wollok/interpreter/context/EvaluationContext;Lorg/eclipse/xtext/xbase/lib/Functions$Function0;)Lorg/uqbar/project/wollok/interpreter/core/WollokObject;+7
j  org.uqbar.project.wollok.interpreter.AbstractWollokCallable.call(Lorg/uqbar/project/wollok/wollokDsl/WMethodDeclaration;[Lorg/uqbar/project/wollok/interpreter/core/WollokObject;)Lorg/uqbar/project/wollok/interpreter/core/WollokObject;+38
j  org.uqbar.project.wollok.interpreter.core.WollokObject.call(Ljava/lang/String;[Lorg/uqbar/project/wollok/interpreter/core/WollokObject;)Lorg/uqbar/project/wollok/interpreter/core/WollokObject;+55
j  org.uqbar.project.wollok.interpreter.WollokInterpreterEvaluator._evaluate(Lorg/uqbar/project/wollok/wollokDsl/WFeatureCall;)Lorg/uqbar/project/wollok/interpreter/core/WollokObject;+119
J 3358 C1 org.uqbar.project.wollok.launch.WollokLauncherInterpreterEvaluator.evaluate(Lorg/eclipse/emf/ecore/EObject;)Lorg/uqbar/project/wollok/interpreter/core/WollokObject; (502 bytes) @ 0x000001e1157b71cc [0x000001e1157b2fe0+0x41ec]
J 3357 C1 org.uqbar.project.wollok.interpreter.WollokInterpreterEvaluator.evaluate(Lorg/eclipse/emf/ecore/EObject;)Ljava/lang/Object; (6 bytes) @ 0x000001e11579fe04 [0x000001e11579fd00+0x104]
j  org.uqbar.project.wollok.interpreter.WollokInterpreter.eval(Lorg/eclipse/emf/ecore/EObject;)Lorg/uqbar/project/wollok/interpreter/core/WollokObject;+63
J 3317 C1 org.uqbar.project.wollok.interpreter.WollokInterpreterEvaluator.eval(Lorg/eclipse/emf/ecore/EObject;)Lorg/uqbar/project/wollok/interpreter/core/WollokObject; (9 bytes) @ 0x000001e11577cc14 [0x000001e11577cb80+0x94]
j  org.uqbar.project.wollok.interpreter.WollokInterpreterEvaluator$1.apply(Lorg/uqbar/project/wollok/interpreter/core/WollokObject;Lorg/eclipse/emf/ecore/EObject;)Lorg/uqbar/project/wollok/interpreter/core/WollokObject;+5
j  org.uqbar.project.wollok.interpreter.WollokInterpreterEvaluator$1.apply(Ljava/lang/Object;Ljava/lang/Object;)Ljava/lang/Object;+9
j  org.eclipse.xtext.xbase.lib.IteratorExtensions.fold(Ljava/util/Iterator;Ljava/lang/Object;Lorg/eclipse/xtext/xbase/lib/Functions$Function2;)Ljava/lang/Object;+19
j  org.eclipse.xtext.xbase.lib.IterableExtensions.fold(Ljava/lang/Iterable;Ljava/lang/Object;Lorg/eclipse/xtext/xbase/lib/Functions$Function2;)Ljava/lang/Object;+8
j  org.uqbar.project.wollok.interpreter.WollokInterpreterEvaluator.evalAll(Ljava/lang/Iterable;)Lorg/uqbar/project/wollok/interpreter/core/WollokObject;+12
j  org.uqbar.project.wollok.interpreter.WollokInterpreterEvaluator._evaluate(Lorg/uqbar/project/wollok/wollokDsl/WProgram;)Lorg/uqbar/project/wollok/interpreter/core/WollokObject;+18
j  org.uqbar.project.wollok.launch.WollokLauncherInterpreterEvaluator.evaluate(Lorg/eclipse/emf/ecore/EObject;)Lorg/uqbar/project/wollok/interpreter/core/WollokObject;+444
j  org.uqbar.project.wollok.interpreter.WollokInterpreterEvaluator.evaluate(Lorg/eclipse/emf/ecore/EObject;)Ljava/lang/Object;+2
j  org.uqbar.project.wollok.interpreter.WollokInterpreter.eval(Lorg/eclipse/emf/ecore/EObject;)Lorg/uqbar/project/wollok/interpreter/core/WollokObject;+63
j  org.uqbar.project.wollok.interpreter.WollokInterpreterEvaluator.eval(Lorg/eclipse/emf/ecore/EObject;)Lorg/uqbar/project/wollok/interpreter/core/WollokObject;+5
j  org.uqbar.project.wollok.launch.WollokLauncherInterpreterEvaluator._evaluate(Lorg/uqbar/project/wollok/wollokDsl/WFile;)Lorg/uqbar/project/wollok/interpreter/core/WollokObject;+32
j  org.uqbar.project.wollok.launch.WollokLauncherInterpreterEvaluator.evaluate(Lorg/eclipse/emf/ecore/EObject;)Lorg/uqbar/project/wollok/interpreter/core/WollokObject;+428
j  org.uqbar.project.wollok.interpreter.WollokInterpreterEvaluator.evaluate(Lorg/eclipse/emf/ecore/EObject;)Ljava/lang/Object;+2
j  org.uqbar.project.wollok.interpreter.WollokInterpreter.interpret(Lorg/eclipse/emf/ecore/EObject;Ljava/lang/Boolean;)Lorg/uqbar/project/wollok/interpreter/core/WollokObject;+25
j  org.uqbar.project.wollok.interpreter.WollokInterpreter.interpret(Lorg/eclipse/emf/ecore/EObject;)Lorg/uqbar/project/wollok/interpreter/core/WollokObject;+8
j  org.uqbar.project.wollok.launch.WollokLauncher.doSomething(Lorg/uqbar/project/wollok/wollokDsl/WFile;Lcom/google/inject/Injector;Ljava/io/File;Lorg/uqbar/project/wollok/launch/WollokLauncherParameters;)V+109
j  org.uqbar.project.wollok.launch.WollokChecker.launch(Ljava/lang/String;Lorg/uqbar/project/wollok/launch/WollokLauncherParameters;)V+31
j  org.uqbar.project.wollok.launch.WollokChecker.doMain([Ljava/lang/String;)V+205
j  org.uqbar.project.wollok.launch.WollokLauncher.main([Ljava/lang/String;)V+8
v  ~StubRoutines::call_stub

---------------  P R O C E S S  ---------------

Java Threads: ( => current thread )
  0x000001e1358f0000 JavaThread "com.google.inject.internal.util.$Finalizer" daemon [_thread_blocked, id=8348, stack(0x0000006560800000,0x0000006560900000)]
  0x000001e13558e000 JavaThread "EMF Reference Cleaner" daemon [_thread_blocked, id=14704, stack(0x0000006560700000,0x0000006560800000)]
  0x000001e134a36000 JavaThread "Service Thread" daemon [_thread_blocked, id=15288, stack(0x0000006560500000,0x0000006560600000)]
  0x000001e132bbf800 JavaThread "C1 CompilerThread3" daemon [_thread_blocked, id=14016, stack(0x0000006560400000,0x0000006560500000)]
  0x000001e132bb6800 JavaThread "C2 CompilerThread2" daemon [_thread_blocked, id=1684, stack(0x0000006560300000,0x0000006560400000)]
  0x000001e132bb0000 JavaThread "C2 CompilerThread1" daemon [_thread_blocked, id=4940, stack(0x0000006560200000,0x0000006560300000)]
  0x000001e132bab800 JavaThread "C2 CompilerThread0" daemon [_thread_blocked, id=4948, stack(0x0000006560100000,0x0000006560200000)]
  0x000001e132ba6000 JavaThread "Attach Listener" daemon [_thread_blocked, id=2540, stack(0x0000006560000000,0x0000006560100000)]
  0x000001e132ba5000 JavaThread "Signal Dispatcher" daemon [_thread_blocked, id=14788, stack(0x000000655ff00000,0x0000006560000000)]
  0x000001e132b7c000 JavaThread "Finalizer" daemon [_thread_blocked, id=3724, stack(0x000000655fe00000,0x000000655ff00000)]
  0x000001e132b6d000 JavaThread "Reference Handler" daemon [_thread_blocked, id=9520, stack(0x000000655fd00000,0x000000655fe00000)]
=>0x000001e11340d800 JavaThread "main" [_thread_in_native, id=14264, stack(0x000000655f300000,0x000000655f400000)]

Other Threads:
  0x000001e132b42000 VMThread [stack: 0x000000655fc00000,0x000000655fd00000] [id=2360]
  0x000001e134a38800 WatcherThread [stack: 0x0000006560600000,0x0000006560700000] [id=7668]

VM state:not at safepoint (normal execution)

VM Mutex/Monitor currently owned by a thread: None

heap address: 0x0000000640800000, size: 6136 MB, Compressed Oops mode: Zero based, Oop shift amount: 3
Narrow klass base: 0x0000000000000000, Narrow klass shift: 3
Compressed class space size: 1073741824 Address: 0x00000007c0000000

Heap:
 PSYoungGen      total 114688K, used 21578K [0x0000000740300000, 0x000000074e300000, 0x00000007c0000000)
  eden space 98304K, 21% used [0x0000000740300000,0x0000000741812af0,0x0000000746300000)
  from space 16384K, 0% used [0x0000000747300000,0x0000000747300000,0x0000000748300000)
  to   space 16384K, 0% used [0x0000000746300000,0x0000000746300000,0x0000000747300000)
 ParOldGen       total 190464K, used 21556K [0x0000000640800000, 0x000000064c200000, 0x0000000740300000)
  object space 190464K, 11% used [0x0000000640800000,0x0000000641d0d2b0,0x000000064c200000)
 Metaspace       used 22018K, capacity 22310K, committed 22656K, reserved 1069056K
  class space    used 2762K, capacity 2869K, committed 2944K, reserved 1048576K

Card table byte_map: [0x000001e1240d0000,0x000001e124cd0000] byte_map_base: 0x000001e120ecc000

Marking Bits: (ParMarkBitMap*) 0x000000006a250830
 Begin Bits: [0x000001e1254d0000, 0x000001e12b4b0000)
 End Bits:   [0x000001e12b4b0000, 0x000001e131490000)

Polling page: 0x000001e114ce0000

CodeCache: size=245760Kb used=11252Kb max_used=11298Kb free=234507Kb
 bounds [0x000001e114d10000, 0x000001e115830000, 0x000001e123d10000]
 total_blobs=3901 nmethods=3447 adapters=365
 compilation: enabled

Compilation events (10 events):
Event: 1.736 Thread 0x000001e132bbf800 nmethod 3446 0x000001e1157f73d0 code [0x000001e1157f7540, 0x000001e1157f77b8]
Event: 1.736 Thread 0x000001e132bbf800 3447       3       java.nio.DirectByteBuffer::ix (10 bytes)
Event: 1.736 Thread 0x000001e132bbf800 nmethod 3447 0x000001e1157f78d0 code [0x000001e1157f7a20, 0x000001e1157f7b78]
Event: 1.736 Thread 0x000001e132bbf800 3450       1       java.nio.DirectByteBuffer::ix (10 bytes)
Event: 1.736 Thread 0x000001e132bbf800 nmethod 3450 0x000001e115802b10 code [0x000001e115802c60, 0x000001e115802d78]
Event: 1.737 Thread 0x000001e132bbf800 3449       3       java.nio.DirectByteBuffer::put (18 bytes)
Event: 1.737 Thread 0x000001e132bbf800 nmethod 3449 0x000001e115802dd0 code [0x000001e115802f40, 0x000001e1158031b8]
Event: 1.737 Thread 0x000001e132bab800 3451       4       java.nio.Buffer::checkIndex (22 bytes)
Event: 1.737 Thread 0x000001e132bab800 nmethod 3451 0x000001e115805f50 code [0x000001e115806080, 0x000001e115806118]
Event: 1.741 Thread 0x000001e132bb6800 nmethod 2955 0x000001e1158061d0 code [0x000001e115806d20, 0x000001e11580ff08]

GC Heap History (6 events):
Event: 0.735 GC heap before
{Heap before GC invocations=1 (full 0):
 PSYoungGen      total 114688K, used 98304K [0x0000000740300000, 0x0000000748300000, 0x00000007c0000000)
  eden space 98304K, 100% used [0x0000000740300000,0x0000000746300000,0x0000000746300000)
  from space 16384K, 0% used [0x0000000747300000,0x0000000747300000,0x0000000748300000)
  to   space 16384K, 0% used [0x0000000746300000,0x0000000746300000,0x0000000747300000)
 ParOldGen       total 262144K, used 0K [0x0000000640800000, 0x0000000650800000, 0x0000000740300000)
  object space 262144K, 0% used [0x0000000640800000,0x0000000640800000,0x0000000650800000)
 Metaspace       used 13540K, capacity 13728K, committed 14080K, reserved 1060864K
  class space    used 1671K, capacity 1738K, committed 1792K, reserved 1048576K
Event: 0.742 GC heap after
Heap after GC invocations=1 (full 0):
 PSYoungGen      total 114688K, used 16377K [0x0000000740300000, 0x0000000748300000, 0x00000007c0000000)
  eden space 98304K, 0% used [0x0000000740300000,0x0000000740300000,0x0000000746300000)
  from space 16384K, 99% used [0x0000000746300000,0x00000007472fe5d0,0x0000000747300000)
  to   space 16384K, 0% used [0x0000000747300000,0x0000000747300000,0x0000000748300000)
 ParOldGen       total 262144K, used 498K [0x0000000640800000, 0x0000000650800000, 0x0000000740300000)
  object space 262144K, 0% used [0x0000000640800000,0x000000064087caf0,0x0000000650800000)
 Metaspace       used 13540K, capacity 13728K, committed 14080K, reserved 1060864K
  class space    used 1671K, capacity 1738K, committed 1792K, reserved 1048576K
}
Event: 1.486 GC heap before
{Heap before GC invocations=2 (full 0):
 PSYoungGen      total 114688K, used 98585K [0x0000000740300000, 0x0000000748300000, 0x00000007c0000000)
  eden space 98304K, 83% used [0x0000000740300000,0x00000007453481f8,0x0000000746300000)
  from space 16384K, 99% used [0x0000000746300000,0x00000007472fe5d0,0x0000000747300000)
  to   space 16384K, 0% used [0x0000000747300000,0x0000000747300000,0x0000000748300000)
 ParOldGen       total 262144K, used 498K [0x0000000640800000, 0x0000000650800000, 0x0000000740300000)
  object space 262144K, 0% used [0x0000000640800000,0x000000064087caf0,0x0000000650800000)
 Metaspace       used 20889K, capacity 21122K, committed 21248K, reserved 1067008K
  class space    used 2645K, capacity 2735K, committed 2816K, reserved 1048576K
Event: 1.498 GC heap after
Heap after GC invocations=2 (full 0):
 PSYoungGen      total 114688K, used 16378K [0x0000000740300000, 0x000000074e300000, 0x00000007c0000000)
  eden space 98304K, 0% used [0x0000000740300000,0x0000000740300000,0x0000000746300000)
  from space 16384K, 99% used [0x0000000747300000,0x00000007482fe900,0x0000000748300000)
  to   space 16384K, 0% used [0x0000000746300000,0x0000000746300000,0x0000000747300000)
 ParOldGen       total 262144K, used 6158K [0x0000000640800000, 0x0000000650800000, 0x0000000740300000)
  object space 262144K, 2% used [0x0000000640800000,0x0000000640e03800,0x0000000650800000)
 Metaspace       used 20889K, capacity 21122K, committed 21248K, reserved 1067008K
  class space    used 2645K, capacity 2735K, committed 2816K, reserved 1048576K
}
Event: 1.498 GC heap before
{Heap before GC invocations=3 (full 1):
 PSYoungGen      total 114688K, used 16378K [0x0000000740300000, 0x000000074e300000, 0x00000007c0000000)
  eden space 98304K, 0% used [0x0000000740300000,0x0000000740300000,0x0000000746300000)
  from space 16384K, 99% used [0x0000000747300000,0x00000007482fe900,0x0000000748300000)
  to   space 16384K, 0% used [0x0000000746300000,0x0000000746300000,0x0000000747300000)
 ParOldGen       total 262144K, used 6158K [0x0000000640800000, 0x0000000650800000, 0x0000000740300000)
  object space 262144K, 2% used [0x0000000640800000,0x0000000640e03800,0x0000000650800000)
 Metaspace       used 20889K, capacity 21122K, committed 21248K, reserved 1067008K
  class space    used 2645K, capacity 2735K, committed 2816K, reserved 1048576K
Event: 1.532 GC heap after
Heap after GC invocations=3 (full 1):
 PSYoungGen      total 114688K, used 0K [0x0000000740300000, 0x000000074e300000, 0x00000007c0000000)
  eden space 98304K, 0% used [0x0000000740300000,0x0000000740300000,0x0000000746300000)
  from space 16384K, 0% used [0x0000000747300000,0x0000000747300000,0x0000000748300000)
  to   space 16384K, 0% used [0x0000000746300000,0x0000000746300000,0x0000000747300000)
 ParOldGen       total 190464K, used 21556K [0x0000000640800000, 0x000000064c200000, 0x0000000740300000)
  object space 190464K, 11% used [0x0000000640800000,0x0000000641d0d2b0,0x000000064c200000)
 Metaspace       used 20889K, capacity 21122K, committed 21248K, reserved 1067008K
  class space    used 2645K, capacity 2735K, committed 2816K, reserved 1048576K
}

Deoptimization events (10 events):
Event: 1.239 Thread 0x000001e11340d800 Uncommon trap: reason=class_check action=maybe_recompile pc=0x000001e1153e4848 method=org.eclipse.xtext.nodemodel.impl.NodeModelBuilder.addChild(Lorg/eclipse/xtext/nodemodel/ICompositeNode;Lorg/eclipse/xtext/nodemodel/impl/AbstractNode;)V @ 6
Event: 1.239 Thread 0x000001e11340d800 Uncommon trap: reason=unstable_if action=reinterpret pc=0x000001e1154242e0 method=java.util.HashMap.computeIfAbsent(Ljava/lang/Object;Ljava/util/function/Function;)Ljava/lang/Object; @ 44
Event: 1.250 Thread 0x000001e11340d800 Uncommon trap: reason=class_check action=maybe_recompile pc=0x000001e1153e4848 method=org.eclipse.xtext.nodemodel.impl.NodeModelBuilder.addChild(Lorg/eclipse/xtext/nodemodel/ICompositeNode;Lorg/eclipse/xtext/nodemodel/impl/AbstractNode;)V @ 6
Event: 1.254 Thread 0x000001e11340d800 Uncommon trap: reason=class_check action=maybe_recompile pc=0x000001e1154417cc method=org.eclipse.xtext.nodemodel.impl.NodeModelBuilder.addChild(Lorg/eclipse/xtext/nodemodel/ICompositeNode;Lorg/eclipse/xtext/nodemodel/impl/AbstractNode;)V @ 6
Event: 1.365 Thread 0x000001e11340d800 Uncommon trap: reason=unstable_if action=reinterpret pc=0x000001e11521f114 method=java.util.concurrent.ConcurrentHashMap.putVal(Ljava/lang/Object;Ljava/lang/Object;Z)Ljava/lang/Object; @ 181
Event: 1.458 Thread 0x000001e11340d800 Uncommon trap: reason=unstable_if action=reinterpret pc=0x000001e115659f54 method=org.uqbar.project.wollok.wollokDsl.impl.WMemberFeatureCallImpl.eIsSet(I)Z @ 104
Event: 1.631 Thread 0x000001e11340d800 Uncommon trap: reason=unstable_if action=reinterpret pc=0x000001e11506eb34 method=java.io.WinNTFileSystem.normalize(Ljava/lang/String;)Ljava/lang/String; @ 49
Event: 1.643 Thread 0x000001e11340d800 Uncommon trap: reason=unstable_if action=reinterpret pc=0x000001e114f639dc method=java.lang.ThreadLocal$ThreadLocalMap.getEntry(Ljava/lang/ThreadLocal;)Ljava/lang/ThreadLocal$ThreadLocalMap$Entry; @ 29
Event: 1.644 Thread 0x000001e11340d800 Uncommon trap: reason=unstable_if action=reinterpret pc=0x000001e114f65dec method=java.lang.ThreadLocal$ThreadLocalMap.getEntry(Ljava/lang/ThreadLocal;)Ljava/lang/ThreadLocal$ThreadLocalMap$Entry; @ 29
Event: 1.647 Thread 0x000001e11340d800 Uncommon trap: reason=predicate action=maybe_recompile pc=0x000001e115170a6c method=java.lang.String.regionMatches(ZILjava/lang/String;II)Z @ 63

Classes redefined (0 events):
No events

Internal exceptions (10 events):
Event: 1.274 Thread 0x000001e11340d800 Exception <a 'java/io/FileNotFoundException'> (0x0000000743a74670) thrown at [C:\workspace\openjdk-build\workspace\build\src\hotspot\src\share\vm\prims\jni.cpp, line 712]
Event: 1.454 Thread 0x000001e11340d800 Exception <a 'java/lang/reflect/InvocationTargetException'> (0x0000000744d33ec0) thrown at [C:\workspace\openjdk-build\workspace\build\src\hotspot\src\share\vm\runtime\reflection.cpp, line 1092]
Event: 1.454 Thread 0x000001e11340d800 Exception <a 'java/lang/reflect/InvocationTargetException'> (0x0000000744d50668) thrown at [C:\workspace\openjdk-build\workspace\build\src\hotspot\src\share\vm\runtime\reflection.cpp, line 1092]
Event: 1.455 Thread 0x000001e11340d800 Exception <a 'java/lang/reflect/InvocationTargetException'> (0x0000000744d6f720) thrown at [C:\workspace\openjdk-build\workspace\build\src\hotspot\src\share\vm\runtime\reflection.cpp, line 1092]
Event: 1.742 Thread 0x000001e11340d800 Exception <a 'java/security/PrivilegedActionException'> (0x0000000741619918) thrown at [C:\workspace\openjdk-build\workspace\build\src\hotspot\src\share\vm\prims\jvm.cpp, line 1514]
Event: 1.742 Thread 0x000001e11340d800 Exception <a 'java/security/PrivilegedActionException'> (0x000000074161ae48) thrown at [C:\workspace\openjdk-build\workspace\build\src\hotspot\src\share\vm\prims\jvm.cpp, line 1514]
Event: 1.742 Thread 0x000001e11340d800 Exception <a 'java/security/PrivilegedActionException'> (0x000000074161c278) thrown at [C:\workspace\openjdk-build\workspace\build\src\hotspot\src\share\vm\prims\jvm.cpp, line 1514]
Event: 1.742 Thread 0x000001e11340d800 Exception <a 'java/security/PrivilegedActionException'> (0x000000074161d938) thrown at [C:\workspace\openjdk-build\workspace\build\src\hotspot\src\share\vm\prims\jvm.cpp, line 1514]
Event: 1.742 Thread 0x000001e11340d800 Exception <a 'java/security/PrivilegedActionException'> (0x000000074161ed30) thrown at [C:\workspace\openjdk-build\workspace\build\src\hotspot\src\share\vm\prims\jvm.cpp, line 1514]
Event: 1.742 Thread 0x000001e11340d800 Exception <a 'java/security/PrivilegedActionException'> (0x00000007416200f8) thrown at [C:\workspace\openjdk-build\workspace\build\src\hotspot\src\share\vm\prims\jvm.cpp, line 1514]

Events (10 events):
Event: 1.778 loading class org/lwjgl/openal/ALCdevice
Event: 1.778 loading class org/lwjgl/openal/ALCdevice done
Event: 1.779 loading class org/lwjgl/openal/ALCcontext
Event: 1.779 loading class org/lwjgl/openal/ALCcontext done
Event: 1.779 loading class java/nio/DirectIntBufferU
Event: 1.780 loading class java/nio/DirectIntBufferU done
Event: 1.780 loading class org/lwjgl/openal/Util
Event: 1.780 loading class org/lwjgl/openal/Util done
Event: 1.780 loading class org/lwjgl/openal/OpenALException
Event: 1.780 loading class org/lwjgl/openal/OpenALException done


Dynamic libraries:
0x00007ff67f7b0000 - 0x00007ff67f801000 	C:\Program Files\Eclipse Adoptium\jdk-8.0.412.8-hotspot\bin\javaw.exe
0x00007ffa58610000 - 0x00007ffa58808000 	C:\WINDOWS\SYSTEM32\ntdll.dll
0x00007ffa57790000 - 0x00007ffa5784d000 	C:\WINDOWS\System32\KERNEL32.DLL
0x00007ffa56320000 - 0x00007ffa56616000 	C:\WINDOWS\System32\KERNELBASE.dll
0x00007ffa580f0000 - 0x00007ffa581a0000 	C:\WINDOWS\System32\ADVAPI32.dll
0x00007ffa57570000 - 0x00007ffa5760e000 	C:\WINDOWS\System32\msvcrt.dll
0x00007ffa567e0000 - 0x00007ffa56880000 	C:\WINDOWS\System32\sechost.dll
0x00007ffa57d60000 - 0x00007ffa57e83000 	C:\WINDOWS\System32\RPCRT4.dll
0x00007ffa56620000 - 0x00007ffa56647000 	C:\WINDOWS\System32\bcrypt.dll
0x00007ffa57e90000 - 0x00007ffa5802f000 	C:\WINDOWS\System32\USER32.dll
0x00007ffa55ed0000 - 0x00007ffa55ef2000 	C:\WINDOWS\System32\win32u.dll
0x00007ffa58540000 - 0x00007ffa5856b000 	C:\WINDOWS\System32\GDI32.dll
0x00007ffa55d20000 - 0x00007ffa55e37000 	C:\WINDOWS\System32\gdi32full.dll
0x00007ffa56160000 - 0x00007ffa561fd000 	C:\WINDOWS\System32\msvcp_win.dll
0x00007ffa55f00000 - 0x00007ffa56000000 	C:\WINDOWS\System32\ucrtbase.dll
0x00007ffa4a150000 - 0x00007ffa4a3ea000 	C:\WINDOWS\WinSxS\amd64_microsoft.windows.common-controls_6595b64144ccf1df_6.0.19041.4355_none_60b8b9eb71f62e16\COMCTL32.dll
0x00007ffa578c0000 - 0x00007ffa578ef000 	C:\WINDOWS\System32\IMM32.DLL
0x00007ffa52de0000 - 0x00007ffa52df5000 	C:\Program Files\Eclipse Adoptium\jdk-8.0.412.8-hotspot\jre\bin\vcruntime140.dll
0x00007ffa4b860000 - 0x00007ffa4b8fb000 	C:\Program Files\Eclipse Adoptium\jdk-8.0.412.8-hotspot\jre\bin\msvcp140.dll
0x0000000069a70000 - 0x000000006a2c9000 	C:\Program Files\Eclipse Adoptium\jdk-8.0.412.8-hotspot\jre\bin\server\jvm.dll
0x00007ffa56720000 - 0x00007ffa56728000 	C:\WINDOWS\System32\PSAPI.DLL
0x00007ffa52d90000 - 0x00007ffa52d99000 	C:\WINDOWS\SYSTEM32\WSOCK32.dll
0x00007ffa44710000 - 0x00007ffa44737000 	C:\WINDOWS\SYSTEM32\WINMM.dll
0x00007ffa4ea40000 - 0x00007ffa4ea4a000 	C:\WINDOWS\SYSTEM32\VERSION.dll
0x00007ffa57850000 - 0x00007ffa578bb000 	C:\WINDOWS\System32\WS2_32.dll
0x00007ffa53b70000 - 0x00007ffa53b82000 	C:\WINDOWS\SYSTEM32\kernel.appcore.dll
0x00007ffa52aa0000 - 0x00007ffa52ab0000 	C:\Program Files\Eclipse Adoptium\jdk-8.0.412.8-hotspot\jre\bin\verify.dll
0x00007ffa43da0000 - 0x00007ffa43dcb000 	C:\Program Files\Eclipse Adoptium\jdk-8.0.412.8-hotspot\jre\bin\java.dll
0x00007ffa4fd90000 - 0x00007ffa4fda8000 	C:\Program Files\Eclipse Adoptium\jdk-8.0.412.8-hotspot\jre\bin\zip.dll
0x00007ffa568f0000 - 0x00007ffa5705c000 	C:\WINDOWS\System32\SHELL32.dll
0x00007ffa53d70000 - 0x00007ffa5450d000 	C:\WINDOWS\SYSTEM32\windows.storage.dll
0x00007ffa57060000 - 0x00007ffa573b3000 	C:\WINDOWS\System32\combase.dll
0x00007ffa55620000 - 0x00007ffa5564e000 	C:\WINDOWS\SYSTEM32\Wldp.dll
0x00007ffa56650000 - 0x00007ffa5671d000 	C:\WINDOWS\System32\OLEAUT32.dll
0x00007ffa56730000 - 0x00007ffa567dd000 	C:\WINDOWS\System32\SHCORE.dll
0x00007ffa57610000 - 0x00007ffa57665000 	C:\WINDOWS\System32\shlwapi.dll
0x00007ffa55c00000 - 0x00007ffa55c24000 	C:\WINDOWS\SYSTEM32\profapi.dll
0x0000000065580000 - 0x0000000065616000 	C:\Users\Emmanuel Arce\AppData\Local\Temp\libgdxEmmanuel Arce\12dfaa03\gdx64.dll
0x00007ffa55570000 - 0x00007ffa55588000 	C:\WINDOWS\SYSTEM32\CRYPTSP.dll
0x00007ffa54ca0000 - 0x00007ffa54cd4000 	C:\WINDOWS\system32\rsaenh.dll
0x00007ffa55bb0000 - 0x00007ffa55bde000 	C:\WINDOWS\SYSTEM32\USERENV.dll
0x00007ffa55e40000 - 0x00007ffa55ec2000 	C:\WINDOWS\System32\bcryptprimitives.dll
0x00007ffa55590000 - 0x00007ffa5559c000 	C:\WINDOWS\SYSTEM32\CRYPTBASE.dll
0x00007ffa4d190000 - 0x00007ffa4d1ac000 	C:\Program Files\Eclipse Adoptium\jdk-8.0.412.8-hotspot\jre\bin\net.dll
0x00007ffa55380000 - 0x00007ffa553ea000 	C:\WINDOWS\system32\mswsock.dll
0x00007ffa55060000 - 0x00007ffa5509b000 	C:\WINDOWS\SYSTEM32\IPHLPAPI.DLL
0x00007ffa58030000 - 0x00007ffa58038000 	C:\WINDOWS\System32\NSI.dll
0x00007ffa4fd20000 - 0x00007ffa4fd37000 	C:\WINDOWS\SYSTEM32\dhcpcsvc6.DLL
0x00007ffa4fdc0000 - 0x00007ffa4fddd000 	C:\WINDOWS\SYSTEM32\dhcpcsvc.DLL
0x00007ffa550a0000 - 0x00007ffa5516a000 	C:\WINDOWS\SYSTEM32\DNSAPI.dll
0x00007ffa4ccc0000 - 0x00007ffa4ccd3000 	C:\Program Files\Eclipse Adoptium\jdk-8.0.412.8-hotspot\jre\bin\nio.dll
0x0000000180000000 - 0x0000000180053000 	C:\Users\Emmanuel Arce\AppData\Local\Temp\libgdxEmmanuel Arce\dc0f0009\lwjgl64.dll
0x00007ffa05d10000 - 0x00007ffa05e35000 	C:\WINDOWS\SYSTEM32\OPENGL32.dll
0x00007ffa32ef0000 - 0x00007ffa32f1c000 	C:\WINDOWS\SYSTEM32\GLU32.dll
0x000001e138690000 - 0x000001e1386f4000 	C:\Users\EMMANU~1\AppData\Local\Temp\libgdxEmmanuel Arce\dc0f0009\OpenAL64.dll
0x00007ffa58320000 - 0x00007ffa5844b000 	C:\WINDOWS\System32\ole32.dll
0x00007ffa53690000 - 0x00007ffa5372e000 	C:\WINDOWS\system32\uxtheme.dll
0x000001e138920000 - 0x000001e13bdd4000 	C:\Program Files (x86)\RivaTuner Statistics Server\RTSSHooks64.dll
0x00007ffa578f0000 - 0x00007ffa57d5e000 	C:\WINDOWS\System32\SETUPAPI.dll
0x00007ffa55cd0000 - 0x00007ffa55d1e000 	C:\WINDOWS\System32\cfgmgr32.dll
0x00007ffa58040000 - 0x00007ffa580e9000 	C:\WINDOWS\System32\clbcatq.dll
0x00007ffa06000000 - 0x00007ffa0609c000 	C:\WINDOWS\SYSTEM32\dsound.dll
0x00007ffa55a70000 - 0x00007ffa55abb000 	C:\WINDOWS\SYSTEM32\powrprof.dll
0x00007ffa26790000 - 0x00007ffa267b6000 	C:\WINDOWS\SYSTEM32\winmmbase.dll
0x00007ffa55a50000 - 0x00007ffa55a62000 	C:\WINDOWS\SYSTEM32\UMPDC.dll
0x00007ffa4d980000 - 0x00007ffa4da05000 	C:\WINDOWS\System32\MMDevApi.dll
0x00007ffa559e0000 - 0x00007ffa55a13000 	C:\WINDOWS\System32\DEVOBJ.dll
0x00007ffa4c400000 - 0x00007ffa4c581000 	C:\WINDOWS\SYSTEM32\AUDIOSES.DLL
0x00007ffa42470000 - 0x00007ffa42654000 	C:\WINDOWS\SYSTEM32\dbghelp.dll

VM Arguments:
jvm_args: -Duser.language=es_ES -Dfile.encoding=UTF-8 
java_command: org.uqbar.project.wollok.launch.WollokLauncher -requestsPort 0 -eventsPort 0 -folder -dontValidate -wf src/juego.wpgm
java_class_path (initial): C:\Users\Emmanuel Arce\git\TPGameIntegrador-los-magios-wollokeros-3\bin;C:\Users\Emmanuel Arce\Downloads\wollok-win32.win32.x86_64\plugins\com.ibm.icu_64.2.0.v20190507-1337.jar;C:\Users\Emmanuel Arce\Downloads\wollok-win32.win32.x86_64\plugins\org.eclipse.xtext_2.20.0.v20191202-0915.jar;C:\Users\Emmanuel Arce\Downloads\wollok-win32.win32.x86_64\plugins\org.eclipse.emf.ecore.xmi_2.16.0.v20190528-0725.jar;C:\Users\Emmanuel Arce\Downloads\wollok-win32.win32.x86_64\plugins\org.eclipse.emf.ecore_2.20.0.v20190920-0401.jar;C:\Users\Emmanuel Arce\Downloads\wollok-win32.win32.x86_64\plugins\org.eclipse.emf.common_2.17.0.v20190920-0401.jar;C:\Users\Emmanuel Arce\Downloads\wollok-win32.win32.x86_64\plugins\org.antlr.runtime_3.2.0.v201101311130.jar;C:\Users\Emmanuel Arce\Downloads\wollok-win32.win32.x86_64\plugins\com.google.inject_3.0.0.v201605172100.jar;C:\Users\Emmanuel Arce\Downloads\wollok-win32.win32.x86_64\plugins\org.eclipse.emf.mwe.core_1.5.1.v20191121-1148.jar;C:\Users\Emmanuel Arce\Downloads\wollok-win32.win32.x86_64\plugins\org.apache.commons.cli_1.2.0.v201404270220.jar;C:\Users\Emmanuel Arce\Downloads\wollok-win32.win32.x86_64\plugins\org.eclipse.emf.mwe2.runtime_2.11.1.v20191121-1148.jar;C:\Users\Emmanuel Arce\Downloads\wollok-win32.win32.x86_64\plugins\org.eclipse.emf.mwe.utils_1.5.1.v20191121-1148.jar;C:\Users\Emmanuel Arce\Downloads\wollok-win32.win32.x86_64\plugins\org.eclipse.xtext.util_2.20.0.v20191202-0915.jar;C:\Users\Emmanuel Arce\Downloads\wollok-win32.win32.x86_64\plugins\com.google.guava_27.1.0.v20190517-1946.jar;C:\Users\Emmanuel Arce\Downloads\wollok-win32.win32.x86_64\plugins\javax.inject_1.0.0.v20091030.jar;C:\Users\Emmanuel Arce\Downloads\wollok-win32.win32.x86_64\plugins\org.eclipse.xtext.generator_2.20.0.v20191202-0933.jar;C:\Users\Emmanuel Arce\Downloads\wollok-win32.win32.x86_64\plugins\org.eclipse.xtext.xtext.generator_2.20.0.v20191202-0915.jar;C:\Users\Emmanuel Arce\Downloads\wollok-win32.win32.x86_64\plugins\org
Launcher Type: SUN_STANDARD

Environment Variables:
JAVA_HOME=C:\Program Files (x86)\Eclipse Adoptium\jdk-8.0.412.8-hotspot\
PATH=C:/Program Files/Eclipse Adoptium/jdk-8.0.412.8-hotspot/bin/../jre/bin/server;C:/Program Files/Eclipse Adoptium/jdk-8.0.412.8-hotspot/bin/../jre/bin;C:/Program Files/Eclipse Adoptium/jdk-8.0.412.8-hotspot/bin/../jre/lib/amd64;C:\Program Files\Eclipse Adoptium\jdk-8.0.412.8-hotspot\bin;C:\Program Files (x86)\Eclipse Adoptium\jdk-8.0.412.8-hotspot\bin;C:\Windows\system32;C:\Windows;C:\Windows\System32\Wbem;C:\Windows\System32\WindowsPowerShell\v1.0\;C:\Windows\System32\OpenSSH\;C:\Program Files (x86)\NVIDIA Corporation\PhysX\Common;C:\Program Files\NVIDIA Corporation\NVIDIA NvDLISR;C:\WINDOWS\system32;C:\WINDOWS;C:\WINDOWS\System32\Wbem;C:\WINDOWS\System32\WindowsPowerShell\v1.0\;C:\WINDOWS\System32\OpenSSH\;C:\Program Files\dotnet\;C:\Program Files\Git\cmd;C:\Users\Emmanuel Arce\AppData\Local\Microsoft\WindowsApps;;C:\Users\Emmanuel Arce\AppData\Local\Programs\Microsoft VS Code Insiders\bin;C:\Users\Emmanuel Arce\Downloads\wollok-win32.win32.x86_64;
USERNAME=Emmanuel Arce
OS=Windows_NT
PROCESSOR_IDENTIFIER=Intel64 Family 6 Model 158 Stepping 9, GenuineIntel



---------------  S Y S T E M  ---------------

OS: Windows 10 , 64 bit Build 19041 (10.0.19041.3636)

CPU:total 8 (initial active 8) (4 cores per cpu, 2 threads per core) family 6 model 158 stepping 9, cmov, cx8, fxsr, mmx, sse, sse2, sse3, ssse3, sse4.1, sse4.2, popcnt, avx, avx2, aes, clmul, erms, rtm, 3dnowpref, lzcnt, ht, tsc, tscinvbit, bmi1, bmi2, adx

Memory: 4k page, physical 25128544k(18743192k free), swap 25790332k(10790080k free)

vm_info: OpenJDK 64-Bit Server VM (25.412-b08) for windows-amd64 JRE (1.8.0_412-b08), built on Apr 17 2024 02:10:30 by "jenkins" with MS VC++ 15.9 (VS2017)

time: Thu Jul  4 21:39:00 2024
timezone: Hora estándar de Argentina
elapsed time: 1.810712 seconds (0d 0h 0m 1s)

